<?xml version="1.0" encoding="UTF-8"?>
<!-- Generated by org.testng.reporters.JUnitReportReporter -->
<testsuite hostname="Dilips-MacBook-Pro.local" failures="0" tests="1" name="CucumberTest.CucumberTest.seleniumtest" time="8.468" errors="0" timestamp="2021-02-16T20:49:11 CST" skipped="0">
  <testcase classname="CucumberTest.CucumberTest.seleniumtest" name="initializeDriver" time="8.468"/>
</testsuite> <!-- CucumberTest.CucumberTest.seleniumtest -->
